<?xml version="1.0" ?>
<coverage version="7.10.7" timestamp="1760523294822" lines-valid="8354" lines-covered="1660" line-rate="0.1987" branches-valid="2868" branches-covered="411" branch-rate="0.1433" complexity="0">
	<!-- Generated by coverage.py: https://coverage.readthedocs.io/en/7.10.7 -->
	<!-- Based on https://raw.githubusercontent.com/cobertura/web/master/htdocs/xml/coverage-04.dtd -->
	<sources>
		<source>/home/aliramlaoui/slurm-manager/src/ssync</source>
	</sources>
	<packages>
		<package name="." line-rate="0.442" branch-rate="0.3347" complexity="0">
			<classes>
				<class name="__init__.py" filename="__init__.py" complexity="0" line-rate="1" branch-rate="1">
					<methods/>
					<lines>
						<line number="1" hits="1"/>
						<line number="2" hits="1"/>
						<line number="3" hits="1"/>
						<line number="5" hits="1"/>
					</lines>
				</class>
				<class name="cache.py" filename="cache.py" complexity="0" line-rate="0.9147" branch-rate="0.7756">
					<methods/>
					<lines>
						<line number="8" hits="1"/>
						<line number="9" hits="1"/>
						<line number="10" hits="1"/>
						<line number="11" hits="1"/>
						<line number="12" hits="1"/>
						<line number="13" hits="1"/>
						<line number="14" hits="1"/>
						<line number="15" hits="1"/>
						<line number="16" hits="1"/>
						<line number="17" hits="1"/>
						<line number="19" hits="1"/>
						<line number="20" hits="1"/>
						<line number="22" hits="1"/>
						<line number="25" hits="1"/>
						<line number="26" hits="1"/>
						<line number="29" hits="1"/>
						<line number="30" hits="1"/>
						<line number="31" hits="1"/>
						<line number="32" hits="1"/>
						<line number="34" hits="1"/>
						<line number="35" hits="1"/>
						<line number="36" hits="1"/>
						<line number="37" hits="1"/>
						<line number="38" hits="1"/>
						<line number="39" hits="1"/>
						<line number="40" hits="1"/>
						<line number="41" hits="1"/>
						<line number="42" hits="1"/>
						<line number="43" hits="1"/>
						<line number="45" hits="1"/>
						<line number="46" hits="1" branch="true" condition-coverage="100% (2/2)"/>
						<line number="47" hits="1"/>
						<line number="48" hits="1" branch="true" condition-coverage="100% (2/2)"/>
						<line number="49" hits="1"/>
						<line number="52" hits="1"/>
						<line number="64" hits="1"/>
						<line number="72" hits="1" branch="true" condition-coverage="100% (2/2)"/>
						<line number="73" hits="1"/>
						<line number="75" hits="1"/>
						<line number="76" hits="1"/>
						<line number="78" hits="1"/>
						<line number="79" hits="1"/>
						<line number="80" hits="1"/>
						<line number="81" hits="1"/>
						<line number="83" hits="1"/>
						<line number="85" hits="1"/>
						<line number="87" hits="1"/>
						<line number="88" hits="1" branch="true" condition-coverage="100% (2/2)"/>
						<line number="89" hits="1" branch="true" condition-coverage="100% (2/2)"/>
						<line number="90" hits="1"/>
						<line number="91" hits="1" branch="true" condition-coverage="50% (1/2)" missing-branches="92"/>
						<line number="92" hits="0"/>
						<line number="93" hits="1" branch="true" condition-coverage="50% (1/2)" missing-branches="94"/>
						<line number="94" hits="0"/>
						<line number="101" hits="1"/>
						<line number="102" hits="1"/>
						<line number="104" hits="1"/>
						<line number="106" hits="1"/>
						<line number="107" hits="1"/>
						<line number="130" hits="1"/>
						<line number="131" hits="1"/>
						<line number="134" hits="1"/>
						<line number="135" hits="1"/>
						<line number="136" hits="1"/>
						<line number="137" hits="1"/>
						<line number="140" hits="1"/>
						<line number="141" hits="1"/>
						<line number="142" hits="1"/>
						<line number="143" hits="1"/>
						<line number="144" hits="1"/>
						<line number="145" hits="1"/>
						<line number="147" hits="1"/>
						<line number="161" hits="1"/>
						<line number="172" hits="1"/>
						<line number="175" hits="1"/>
						<line number="178" hits="1"/>
						<line number="182" hits="1"/>
						<line number="186" hits="1"/>
						<line number="189" hits="1"/>
						<line number="194" hits="1"/>
						<line number="218" hits="1"/>
						<line number="219" hits="1"/>
						<line number="222" hits="1"/>
						<line number="223" hits="1"/>
						<line number="224" hits="1"/>
						<line number="225" hits="1"/>
						<line number="228" hits="1"/>
						<line number="229" hits="1"/>
						<line number="230" hits="1"/>
						<line number="231" hits="1"/>
						<line number="234" hits="1"/>
						<line number="235" hits="1"/>
						<line number="237" hits="1"/>
						<line number="253" hits="1"/>
						<line number="265" hits="1"/>
						<line number="268" hits="1"/>
						<line number="271" hits="1"/>
						<line number="274" hits="1"/>
						<line number="279" hits="1"/>
						<line number="297" hits="1"/>
						<line number="311" hits="1"/>
						<line number="314" hits="1"/>
						<line number="317" hits="1"/>
						<line number="322" hits="1"/>
						<line number="323" hits="1"/>
						<line number="324" hits="1"/>
						<line number="325" hits="1"/>
						<line number="328" hits="1"/>
						<line number="332" hits="1"/>
						<line number="334" hits="1"/>
						<line number="335" hits="1"/>
						<line number="337" hits="1"/>
						<line number="338" hits="1"/>
						<line number="339" hits="1"/>
						<line number="340" hits="1"/>
						<line number="341" hits="1"/>
						<line number="343" hits="1"/>
						<line number="345" hits="1"/>
						<line number="354" hits="1"/>
						<line number="356" hits="1"/>
						<line number="357" hits="1" branch="true" condition-coverage="100% (2/2)"/>
						<line number="358" hits="1"/>
						<line number="359" hits="1"/>
						<line number="361" hits="1"/>
						<line number="371" hits="1" branch="true" condition-coverage="100% (2/2)"/>
						<line number="372" hits="1" branch="true" condition-coverage="100% (2/2)"/>
						<line number="373" hits="1"/>
						<line number="374" hits="1"/>
						<line number="378" hits="1"/>
						<line number="380" hits="1"/>
						<line number="384" hits="1"/>
						<line number="386" hits="1"/>
						<line number="403" hits="1"/>
						<line number="405" hits="1"/>
						<line number="406" hits="1"/>
						<line number="408" hits="1"/>
						<line number="410" hits="1" branch="true" condition-coverage="100% (2/2)"/>
						<line number="411" hits="1" branch="true" condition-coverage="100% (2/2)"/>
						<line number="412" hits="1"/>
						<line number="413" hits="1"/>
						<line number="416" hits="1" branch="true" condition-coverage="100% (2/2)"/>
						<line number="417" hits="1"/>
						<line number="418" hits="1"/>
						<line number="423" hits="1" branch="true" condition-coverage="50% (1/2)" missing-branches="426"/>
						<line number="424" hits="1"/>
						<line number="426" hits="1"/>
						<line number="428" hits="1"/>
						<line number="431" hits="1"/>
						<line number="434" hits="1"/>
						<line number="435" hits="1"/>
						<line number="438" hits="1"/>
						<line number="441" hits="1"/>
						<line number="442" hits="1"/>
						<line number="446" hits="1"/>
						<line number="464" hits="1"/>
						<line number="466" hits="1"/>
						<line number="468" hits="1"/>
						<line number="469" hits="1"/>
						<line number="472" hits="1"/>
						<line number="475" hits="1"/>
						<line number="477" hits="1"/>
						<line number="506" hits="1" branch="true" condition-coverage="100% (2/2)"/>
						<line number="507" hits="1"/>
						<line number="511" hits="1"/>
						<line number="513" hits="1"/>
						<line number="519" hits="1"/>
						<line number="520" hits="1"/>
						<line number="521" hits="1"/>
						<line number="522" hits="1"/>
						<line number="525" hits="1" branch="true" condition-coverage="50% (1/2)" missing-branches="526"/>
						<line number="526" hits="0"/>
						<line number="529" hits="1"/>
						<line number="533" hits="1"/>
						<line number="535" hits="1" branch="true" condition-coverage="100% (2/2)"/>
						<line number="537" hits="1"/>
						<line number="559" hits="1"/>
						<line number="562" hits="1" branch="true" condition-coverage="50% (1/2)" missing-branches="563"/>
						<line number="563" hits="0"/>
						<line number="585" hits="1"/>
						<line number="607" hits="1"/>
						<line number="615" hits="1"/>
						<line number="617" hits="1"/>
						<line number="627" hits="1"/>
						<line number="629" hits="1"/>
						<line number="633" hits="1"/>
						<line number="635" hits="1"/>
						<line number="638" hits="1"/>
						<line number="651" hits="1"/>
						<line number="654" hits="1"/>
						<line number="663" hits="1" branch="true" condition-coverage="100% (2/2)"/>
						<line number="664" hits="1"/>
						<line number="673" hits="1"/>
						<line number="679" hits="1"/>
						<line number="681" hits="1"/>
						<line number="688" hits="1"/>
						<line number="690" hits="1" branch="true" condition-coverage="50% (1/2)" missing-branches="691"/>
						<line number="691" hits="0"/>
						<line number="693" hits="1"/>
						<line number="696" hits="1"/>
						<line number="704" hits="1"/>
						<line number="705" hits="1"/>
						<line number="707" hits="1"/>
						<line number="709" hits="1"/>
						<line number="720" hits="1"/>
						<line number="721" hits="1"/>
						<line number="727" hits="1"/>
						<line number="729" hits="1" branch="true" condition-coverage="100% (2/2)"/>
						<line number="730" hits="1"/>
						<line number="731" hits="1"/>
						<line number="733" hits="1"/>
						<line number="735" hits="1"/>
						<line number="736" hits="1" branch="true" condition-coverage="100% (2/2)"/>
						<line number="737" hits="1"/>
						<line number="738" hits="1"/>
						<line number="740" hits="1" branch="true" condition-coverage="50% (1/2)" missing-branches="746"/>
						<line number="741" hits="1"/>
						<line number="742" hits="1"/>
						<line number="743" hits="1"/>
						<line number="744" hits="0"/>
						<line number="745" hits="0"/>
						<line number="746" hits="1"/>
						<line number="747" hits="0"/>
						<line number="748" hits="0"/>
						<line number="750" hits="1"/>
						<line number="752" hits="1"/>
						<line number="767" hits="1"/>
						<line number="768" hits="1" branch="true" condition-coverage="50% (1/2)" missing-branches="774"/>
						<line number="769" hits="1"/>
						<line number="774" hits="0"/>
						<line number="778" hits="1"/>
						<line number="779" hits="1" branch="true" condition-coverage="100% (2/2)"/>
						<line number="780" hits="1"/>
						<line number="783" hits="1" branch="true" condition-coverage="100% (2/2)"/>
						<line number="784" hits="1"/>
						<line number="787" hits="1"/>
						<line number="788" hits="1"/>
						<line number="791" hits="1" branch="true" condition-coverage="50% (1/2)" missing-branches="798"/>
						<line number="793" hits="1"/>
						<line number="798" hits="1" branch="true" condition-coverage="50% (1/2)" missing-branches="799"/>
						<line number="799" hits="0"/>
						<line number="800" hits="1" branch="true" condition-coverage="50% (1/2)" missing-branches="801"/>
						<line number="801" hits="0"/>
						<line number="803" hits="1"/>
						<line number="805" hits="1" branch="true" condition-coverage="100% (2/2)"/>
						<line number="806" hits="1"/>
						<line number="810" hits="1"/>
						<line number="812" hits="1"/>
						<line number="814" hits="1"/>
						<line number="816" hits="1"/>
						<line number="833" hits="1"/>
						<line number="834" hits="1"/>
						<line number="835" hits="1"/>
						<line number="837" hits="1" branch="true" condition-coverage="100% (2/2)"/>
						<line number="838" hits="1"/>
						<line number="839" hits="1"/>
						<line number="841" hits="1" branch="true" condition-coverage="100% (2/2)"/>
						<line number="842" hits="1"/>
						<line number="844" hits="1"/>
						<line number="846" hits="1" branch="true" condition-coverage="100% (2/2)"/>
						<line number="847" hits="1"/>
						<line number="848" hits="1"/>
						<line number="850" hits="1"/>
						<line number="851" hits="1"/>
						<line number="853" hits="1"/>
						<line number="855" hits="1"/>
						<line number="857" hits="1"/>
						<line number="860" hits="1" branch="true" condition-coverage="50% (1/2)" missing-branches="867"/>
						<line number="861" hits="1"/>
						<line number="862" hits="1"/>
						<line number="863" hits="1"/>
						<line number="865" hits="1"/>
						<line number="867" hits="1"/>
						<line number="870" hits="1"/>
						<line number="871" hits="1"/>
						<line number="872" hits="1"/>
						<line number="873" hits="0"/>
						<line number="875" hits="0"/>
						<line number="877" hits="1"/>
						<line number="894" hits="1"/>
						<line number="912" hits="1"/>
						<line number="913" hits="1"/>
						<line number="915" hits="1"/>
						<line number="916" hits="1"/>
						<line number="917" hits="1"/>
						<line number="919" hits="1" branch="true" condition-coverage="50% (1/2)" missing-branches="944"/>
						<line number="921" hits="1"/>
						<line number="924" hits="1" branch="true" condition-coverage="50% (1/2)" missing-branches="925"/>
						<line number="925" hits="0"/>
						<line number="926" hits="0"/>
						<line number="928" hits="1"/>
						<line number="930" hits="1"/>
						<line number="937" hits="1"/>
						<line number="941" hits="1" branch="true" condition-coverage="50% (1/2)" missing-branches="942"/>
						<line number="942" hits="0"/>
						<line number="944" hits="1" branch="true" condition-coverage="100% (2/2)"/>
						<line number="946" hits="1"/>
						<line number="949" hits="1" branch="true" condition-coverage="50% (1/2)" missing-branches="950"/>
						<line number="950" hits="0"/>
						<line number="951" hits="0"/>
						<line number="953" hits="1"/>
						<line number="955" hits="1"/>
						<line number="962" hits="1"/>
						<line number="966" hits="1" branch="true" condition-coverage="50% (1/2)" missing-branches="967"/>
						<line number="967" hits="0"/>
						<line number="969" hits="1" branch="true" condition-coverage="50% (1/2)" missing-branches="exit"/>
						<line number="970" hits="1"/>
						<line number="971" hits="1"/>
						<line number="972" hits="1"/>
						<line number="974" hits="1"/>
						<line number="979" hits="1"/>
						<line number="980" hits="1"/>
						<line number="982" hits="1"/>
						<line number="986" hits="1"/>
						<line number="1005" hits="1"/>
						<line number="1006" hits="1"/>
						<line number="1009" hits="1"/>
						<line number="1010" hits="1"/>
						<line number="1012" hits="1" branch="true" condition-coverage="50% (1/2)" missing-branches="1033"/>
						<line number="1014" hits="1" branch="true" condition-coverage="100% (2/2)"/>
						<line number="1015" hits="1"/>
						<line number="1016" hits="1"/>
						<line number="1024" hits="1"/>
						<line number="1033" hits="1" branch="true" condition-coverage="100% (2/2)"/>
						<line number="1035" hits="1" branch="true" condition-coverage="50% (1/2)" missing-branches="1036"/>
						<line number="1036" hits="0"/>
						<line number="1037" hits="0"/>
						<line number="1045" hits="1"/>
						<line number="1055" hits="1"/>
						<line number="1063" hits="1"/>
						<line number="1078" hits="1"/>
						<line number="1079" hits="1"/>
						<line number="1083" hits="1"/>
						<line number="1085" hits="1" branch="true" condition-coverage="100% (2/2)"/>
						<line number="1086" hits="1"/>
						<line number="1095" hits="1"/>
						<line number="1097" hits="1"/>
						<line number="1104" hits="1"/>
						<line number="1112" hits="1"/>
						<line number="1114" hits="1"/>
						<line number="1116" hits="1"/>
						<line number="1118" hits="1"/>
						<line number="1119" hits="1"/>
						<line number="1127" hits="1"/>
						<line number="1129" hits="1"/>
						<line number="1138" hits="1"/>
						<line number="1139" hits="1"/>
						<line number="1147" hits="1"/>
						<line number="1148" hits="1" branch="true" condition-coverage="50% (1/2)" missing-branches="1158"/>
						<line number="1149" hits="1"/>
						<line number="1150" hits="1"/>
						<line number="1151" hits="0"/>
						<line number="1152" hits="0"/>
						<line number="1153" hits="1"/>
						<line number="1154" hits="1"/>
						<line number="1155" hits="0"/>
						<line number="1156" hits="0"/>
						<line number="1157" hits="1"/>
						<line number="1158" hits="0"/>
						<line number="1160" hits="1"/>
						<line number="1173" hits="1"/>
						<line number="1174" hits="1"/>
						<line number="1175" hits="1" branch="true" condition-coverage="50% (1/2)" missing-branches="1177"/>
						<line number="1176" hits="1"/>
						<line number="1177" hits="1" branch="true" condition-coverage="50% (1/2)" missing-branches="1180"/>
						<line number="1178" hits="1"/>
						<line number="1180" hits="1" branch="true" condition-coverage="50% (1/2)" missing-branches="exit"/>
						<line number="1181" hits="1"/>
						<line number="1186" hits="1"/>
						<line number="1187" hits="1"/>
						<line number="1188" hits="1"/>
						<line number="1192" hits="1"/>
						<line number="1209" hits="1"/>
						<line number="1211" hits="1"/>
						<line number="1213" hits="1" branch="true" condition-coverage="50% (1/2)" missing-branches="1214"/>
						<line number="1214" hits="0"/>
						<line number="1216" hits="1" branch="true" condition-coverage="50% (1/2)" missing-branches="1217"/>
						<line number="1217" hits="0"/>
						<line number="1218" hits="0"/>
						<line number="1220" hits="1"/>
						<line number="1222" hits="1"/>
						<line number="1223" hits="1"/>
						<line number="1224" hits="1"/>
						<line number="1226" hits="1"/>
						<line number="1230" hits="1" branch="true" condition-coverage="100% (2/2)"/>
						<line number="1231" hits="1"/>
						<line number="1232" hits="1"/>
						<line number="1236" hits="1"/>
						<line number="1238" hits="1"/>
						<line number="1239" hits="1"/>
						<line number="1240" hits="1"/>
						<line number="1242" hits="1" branch="true" condition-coverage="100% (2/2)"/>
						<line number="1243" hits="1"/>
						<line number="1245" hits="1"/>
						<line number="1247" hits="1"/>
						<line number="1249" hits="1"/>
						<line number="1250" hits="1"/>
						<line number="1251" hits="1"/>
						<line number="1253" hits="1"/>
						<line number="1255" hits="1"/>
						<line number="1256" hits="1"/>
						<line number="1258" hits="1"/>
						<line number="1259" hits="1" branch="true" condition-coverage="100% (2/2)"/>
						<line number="1260" hits="1"/>
						<line number="1262" hits="1"/>
						<line number="1263" hits="1"/>
						<line number="1265" hits="1" branch="true" condition-coverage="100% (2/2)"/>
						<line number="1266" hits="1"/>
						<line number="1267" hits="1" branch="true" condition-coverage="100% (2/2)"/>
						<line number="1268" hits="1"/>
						<line number="1269" hits="1" branch="true" condition-coverage="100% (2/2)"/>
						<line number="1270" hits="1"/>
						<line number="1271" hits="1" branch="true" condition-coverage="50% (1/2)" missing-branches="1274"/>
						<line number="1272" hits="1"/>
						<line number="1274" hits="0"/>
						<line number="1276" hits="1"/>
						<line number="1278" hits="1"/>
						<line number="1286" hits="1" branch="true" condition-coverage="100% (2/2)"/>
						<line number="1287" hits="1"/>
						<line number="1289" hits="1"/>
						<line number="1290" hits="1"/>
						<line number="1292" hits="1"/>
						<line number="1293" hits="1"/>
						<line number="1314" hits="1"/>
						<line number="1315" hits="1" branch="true" condition-coverage="50% (1/2)" missing-branches="1316"/>
						<line number="1316" hits="0"/>
						<line number="1324" hits="0"/>
						<line number="1326" hits="0"/>
						<line number="1327" hits="0"/>
						<line number="1331" hits="0"/>
						<line number="1333" hits="1"/>
						<line number="1335" hits="1"/>
						<line number="1344" hits="1"/>
						<line number="1345" hits="1"/>
						<line number="1347" hits="1"/>
						<line number="1348" hits="1"/>
						<line number="1349" hits="1"/>
						<line number="1351" hits="1"/>
						<line number="1369" hits="1"/>
						<line number="1371" hits="1"/>
						<line number="1376" hits="1"/>
						<line number="1382" hits="1"/>
						<line number="1383" hits="1"/>
						<line number="1391" hits="1"/>
						<line number="1392" hits="1" branch="true" condition-coverage="50% (1/2)" missing-branches="1396"/>
						<line number="1393" hits="1"/>
						<line number="1394" hits="1"/>
						<line number="1396" hits="1"/>
						<line number="1398" hits="1"/>
						<line number="1400" hits="1"/>
						<line number="1401" hits="1"/>
						<line number="1402" hits="1"/>
						<line number="1403" hits="1"/>
						<line number="1406" hits="1"/>
						<line number="1407" hits="1"/>
						<line number="1413" hits="1"/>
						<line number="1414" hits="1"/>
						<line number="1417" hits="1"/>
						<line number="1419" hits="1"/>
						<line number="1422" hits="1"/>
						<line number="1423" hits="1"/>
						<line number="1434" hits="1"/>
						<line number="1435" hits="1"/>
						<line number="1445" hits="1"/>
						<line number="1455" hits="1"/>
						<line number="1474" hits="1"/>
						<line number="1486" hits="1"/>
						<line number="1488" hits="1"/>
						<line number="1489" hits="1"/>
						<line number="1492" hits="1"/>
						<line number="1496" hits="1" branch="true" condition-coverage="100% (2/2)"/>
						<line number="1497" hits="1"/>
						<line number="1498" hits="1" branch="true" condition-coverage="100% (2/2)"/>
						<line number="1499" hits="1"/>
						<line number="1501" hits="1"/>
						<line number="1503" hits="1"/>
						<line number="1510" hits="1"/>
						<line number="1511" hits="1"/>
						<line number="1513" hits="1"/>
						<line number="1514" hits="1"/>
						<line number="1517" hits="1"/>
						<line number="1518" hits="1"/>
						<line number="1521" hits="1"/>
						<line number="1522" hits="1"/>
						<line number="1524" hits="1"/>
						<line number="1525" hits="1"/>
						<line number="1529" hits="1"/>
						<line number="1531" hits="1"/>
						<line number="1542" hits="1"/>
						<line number="1546" hits="1" branch="true" condition-coverage="100% (2/2)"/>
						<line number="1547" hits="1"/>
						<line number="1549" hits="1"/>
						<line number="1553" hits="1"/>
						<line number="1554" hits="1"/>
						<line number="1555" hits="1"/>
						<line number="1565" hits="1"/>
						<line number="1566" hits="1"/>
						<line number="1567" hits="1"/>
						<line number="1568" hits="1" branch="true" condition-coverage="50% (1/2)" missing-branches="1573"/>
						<line number="1569" hits="1"/>
						<line number="1573" hits="1"/>
						<line number="1575" hits="1"/>
						<line number="1588" hits="1"/>
						<line number="1590" hits="1"/>
						<line number="1591" hits="1" branch="true" condition-coverage="100% (2/2)"/>
						<line number="1592" hits="1"/>
						<line number="1593" hits="1"/>
						<line number="1594" hits="1"/>
						<line number="1596" hits="1"/>
						<line number="1600" hits="1"/>
						<line number="1601" hits="1" branch="true" condition-coverage="100% (2/2)"/>
						<line number="1602" hits="1"/>
						<line number="1603" hits="1"/>
						<line number="1605" hits="1"/>
						<line number="1606" hits="1"/>
						<line number="1608" hits="1"/>
						<line number="1609" hits="1"/>
						<line number="1611" hits="1"/>
						<line number="1620" hits="1"/>
						<line number="1621" hits="1"/>
						<line number="1630" hits="1"/>
						<line number="1631" hits="1" branch="true" condition-coverage="100% (2/2)"/>
						<line number="1632" hits="1"/>
						<line number="1639" hits="1"/>
						<line number="1641" hits="1"/>
						<line number="1656" hits="1"/>
						<line number="1658" hits="1"/>
						<line number="1662" hits="1"/>
						<line number="1663" hits="1"/>
						<line number="1665" hits="1"/>
						<line number="1681" hits="1"/>
						<line number="1682" hits="1"/>
						<line number="1687" hits="1"/>
						<line number="1704" hits="1"/>
						<line number="1705" hits="1"/>
						<line number="1708" hits="1"/>
						<line number="1710" hits="1"/>
						<line number="1716" hits="1"/>
						<line number="1718" hits="1" branch="true" condition-coverage="50% (1/2)" missing-branches="1720"/>
						<line number="1720" hits="0"/>
						<line number="1725" hits="0"/>
						<line number="1727" hits="1"/>
						<line number="1728" hits="1"/>
						<line number="1730" hits="1" branch="true" condition-coverage="100% (2/2)"/>
						<line number="1731" hits="1"/>
						<line number="1736" hits="1"/>
						<line number="1738" hits="1"/>
						<line number="1750" hits="1"/>
						<line number="1751" hits="1"/>
						<line number="1752" hits="1"/>
						<line number="1757" hits="1"/>
						<line number="1759" hits="1" branch="true" condition-coverage="100% (2/2)"/>
						<line number="1761" hits="1"/>
						<line number="1762" hits="1"/>
						<line number="1769" hits="1" branch="true" condition-coverage="50% (1/2)" missing-branches="1770"/>
						<line number="1770" hits="0"/>
						<line number="1771" hits="0"/>
						<line number="1773" hits="0"/>
						<line number="1774" hits="0"/>
						<line number="1776" hits="0"/>
						<line number="1777" hits="0"/>
						<line number="1778" hits="0"/>
						<line number="1781" hits="0"/>
						<line number="1784" hits="1"/>
						<line number="1789" hits="1"/>
						<line number="1790" hits="1"/>
						<line number="1792" hits="1"/>
						<line number="1794" hits="1"/>
						<line number="1795" hits="1" branch="true" condition-coverage="100% (2/2)"/>
						<line number="1796" hits="1"/>
						<line number="1797" hits="1"/>
						<line number="1799" hits="1" branch="true" condition-coverage="50% (1/2)" missing-branches="1807"/>
						<line number="1800" hits="1"/>
						<line number="1802" hits="1"/>
						<line number="1803" hits="1"/>
						<line number="1804" hits="0"/>
						<line number="1806" hits="0"/>
						<line number="1807" hits="1"/>
						<line number="1808" hits="1"/>
						<line number="1809" hits="0"/>
						<line number="1810" hits="0"/>
						<line number="1812" hits="1"/>
						<line number="1814" hits="1"/>
						<line number="1816" hits="1"/>
						<line number="1819" hits="1"/>
						<line number="1820" hits="1"/>
						<line number="1823" hits="1"/>
						<line number="1827" hits="1"/>
						<line number="1828" hits="1" branch="true" condition-coverage="100% (2/2)"/>
						<line number="1829" hits="1"/>
						<line number="1831" hits="1"/>
						<line number="1833" hits="1"/>
						<line number="1839" hits="1"/>
						<line number="1844" hits="1" branch="true" condition-coverage="50% (1/2)" missing-branches="1845"/>
						<line number="1845" hits="0"/>
						<line number="1847" hits="1"/>
						<line number="1851" hits="1" branch="true" condition-coverage="50% (1/2)" missing-branches="1854"/>
						<line number="1852" hits="1"/>
						<line number="1854" hits="1"/>
					</lines>
				</class>
				<class name="connection.py" filename="connection.py" complexity="0" line-rate="0.8085" branch-rate="0.7143">
					<methods/>
					<lines>
						<line number="3" hits="1"/>
						<line number="5" hits="1"/>
						<line number="6" hits="1"/>
						<line number="7" hits="1"/>
						<line number="9" hits="1"/>
						<line number="12" hits="1"/>
						<line number="15" hits="1"/>
						<line number="22" hits="1"/>
						<line number="23" hits="1"/>
						<line number="24" hits="1"/>
						<line number="26" hits="1"/>
						<line number="36" hits="1"/>
						<line number="39" hits="1" branch="true" condition-coverage="100% (2/2)"/>
						<line number="40" hits="1"/>
						<line number="42" hits="1"/>
						<line number="43" hits="1"/>
						<line number="44" hits="0"/>
						<line number="45" hits="0"/>
						<line number="48" hits="1" branch="true" condition-coverage="100% (2/2)"/>
						<line number="49" hits="1"/>
						<line number="50" hits="1"/>
						<line number="51" hits="1"/>
						<line number="54" hits="1"/>
						<line number="55" hits="1"/>
						<line number="56" hits="1"/>
						<line number="57" hits="1"/>
						<line number="61" hits="1"/>
						<line number="62" hits="1"/>
						<line number="63" hits="1"/>
						<line number="64" hits="1"/>
						<line number="66" hits="1"/>
						<line number="68" hits="1"/>
						<line number="70" hits="1"/>
						<line number="71" hits="1" branch="true" condition-coverage="50% (1/2)" missing-branches="73"/>
						<line number="72" hits="1"/>
						<line number="73" hits="1" branch="true" condition-coverage="100% (2/2)"/>
						<line number="74" hits="1"/>
						<line number="75" hits="1"/>
						<line number="77" hits="1"/>
						<line number="85" hits="1"/>
						<line number="91" hits="1" branch="true" condition-coverage="100% (2/2)"/>
						<line number="93" hits="1" branch="true" condition-coverage="100% (2/2)"/>
						<line number="94" hits="1"/>
						<line number="99" hits="1"/>
						<line number="102" hits="1"/>
						<line number="104" hits="1" branch="true" condition-coverage="50% (1/2)" missing-branches="107"/>
						<line number="105" hits="1"/>
						<line number="107" hits="1" branch="true" condition-coverage="100% (2/2)"/>
						<line number="108" hits="1"/>
						<line number="110" hits="1" branch="true" condition-coverage="50% (1/2)" missing-branches="111"/>
						<line number="111" hits="0"/>
						<line number="113" hits="1" branch="true" condition-coverage="100% (2/2)"/>
						<line number="114" hits="1"/>
						<line number="116" hits="1"/>
						<line number="118" hits="1"/>
						<line number="129" hits="0"/>
						<line number="132" hits="0" branch="true" condition-coverage="0% (0/2)" missing-branches="133,134"/>
						<line number="133" hits="0"/>
						<line number="134" hits="0" branch="true" condition-coverage="0% (0/2)" missing-branches="135,137"/>
						<line number="135" hits="0"/>
						<line number="137" hits="0"/>
						<line number="139" hits="1"/>
						<line number="141" hits="1"/>
						<line number="142" hits="1"/>
						<line number="145" hits="1"/>
						<line number="147" hits="1"/>
						<line number="149" hits="1"/>
						<line number="151" hits="1"/>
						<line number="152" hits="1"/>
						<line number="153" hits="1"/>
						<line number="155" hits="1"/>
						<line number="157" hits="1"/>
						<line number="159" hits="1"/>
						<line number="164" hits="1"/>
						<line number="170" hits="1"/>
						<line number="171" hits="1"/>
						<line number="173" hits="1" branch="true" condition-coverage="100% (2/2)"/>
						<line number="174" hits="1"/>
						<line number="176" hits="1"/>
						<line number="177" hits="0"/>
						<line number="178" hits="0"/>
						<line number="179" hits="0"/>
						<line number="180" hits="0"/>
						<line number="183" hits="1" branch="true" condition-coverage="50% (1/2)" missing-branches="184"/>
						<line number="184" hits="0"/>
						<line number="185" hits="0"/>
						<line number="186" hits="0"/>
						<line number="187" hits="0"/>
						<line number="188" hits="0"/>
						<line number="190" hits="1"/>
						<line number="192" hits="1"/>
						<line number="194" hits="1"/>
						<line number="196" hits="1"/>
						<line number="198" hits="1"/>
					</lines>
				</class>
				<class name="job_data_manager.py" filename="job_data_manager.py" complexity="0" line-rate="0" branch-rate="0">
					<methods/>
					<lines>
						<line number="15" hits="0"/>
						<line number="16" hits="0"/>
						<line number="17" hits="0"/>
						<line number="18" hits="0"/>
						<line number="20" hits="0"/>
						<line number="21" hits="0"/>
						<line number="22" hits="0"/>
						<line number="24" hits="0"/>
						<line number="27" hits="0"/>
						<line number="28" hits="0"/>
						<line number="31" hits="0"/>
						<line number="32" hits="0"/>
						<line number="33" hits="0"/>
						<line number="34" hits="0"/>
						<line number="35" hits="0"/>
						<line number="36" hits="0"/>
						<line number="39" hits="0"/>
						<line number="40" hits="0"/>
						<line number="41" hits="0"/>
						<line number="43" hits="0"/>
						<line number="45" hits="0" branch="true" condition-coverage="0% (0/2)" missing-branches="46,48"/>
						<line number="46" hits="0"/>
						<line number="48" hits="0" branch="true" condition-coverage="0% (0/2)" missing-branches="49,53"/>
						<line number="49" hits="0"/>
						<line number="50" hits="0"/>
						<line number="51" hits="0"/>
						<line number="52" hits="0"/>
						<line number="53" hits="0" branch="true" condition-coverage="0% (0/2)" missing-branches="54,58"/>
						<line number="54" hits="0"/>
						<line number="55" hits="0"/>
						<line number="56" hits="0"/>
						<line number="57" hits="0"/>
						<line number="58" hits="0"/>
						<line number="60" hits="0"/>
						<line number="62" hits="0"/>
						<line number="63" hits="0"/>
						<line number="64" hits="0"/>
						<line number="66" hits="0"/>
						<line number="68" hits="0"/>
						<line number="70" hits="0"/>
						<line number="72" hits="0"/>
						<line number="73" hits="0"/>
						<line number="74" hits="0"/>
						<line number="76" hits="0"/>
						<line number="79" hits="0"/>
						<line number="81" hits="0"/>
						<line number="119" hits="0"/>
						<line number="120" hits="0"/>
						<line number="122" hits="0"/>
						<line number="123" hits="0" branch="true" condition-coverage="0% (0/2)" missing-branches="124,128"/>
						<line number="124" hits="0"/>
						<line number="125" hits="0"/>
						<line number="128" hits="0"/>
						<line number="135" hits="0"/>
						<line number="136" hits="0" branch="true" condition-coverage="0% (0/2)" missing-branches="137,140"/>
						<line number="137" hits="0"/>
						<line number="138" hits="0" branch="true" condition-coverage="0% (0/2)" missing-branches="136,139"/>
						<line number="139" hits="0"/>
						<line number="140" hits="0" branch="true" condition-coverage="0% (0/2)" missing-branches="141,145"/>
						<line number="141" hits="0"/>
						<line number="142" hits="0"/>
						<line number="145" hits="0" branch="true" condition-coverage="0% (0/2)" missing-branches="146,148"/>
						<line number="146" hits="0"/>
						<line number="148" hits="0"/>
						<line number="150" hits="0"/>
						<line number="153" hits="0"/>
						<line number="174" hits="0"/>
						<line number="175" hits="0" branch="true" condition-coverage="0% (0/2)" missing-branches="176,185"/>
						<line number="176" hits="0" branch="true" condition-coverage="0% (0/2)" missing-branches="177,181"/>
						<line number="177" hits="0"/>
						<line number="181" hits="0"/>
						<line number="185" hits="0" branch="true" condition-coverage="0% (0/2)" missing-branches="186,189"/>
						<line number="186" hits="0"/>
						<line number="189" hits="0"/>
						<line number="191" hits="0"/>
						<line number="194" hits="0"/>
						<line number="196" hits="0"/>
						<line number="197" hits="0"/>
						<line number="198" hits="0"/>
						<line number="200" hits="0"/>
						<line number="215" hits="0"/>
						<line number="216" hits="0"/>
						<line number="217" hits="0"/>
						<line number="219" hits="0"/>
						<line number="221" hits="0"/>
						<line number="222" hits="0"/>
						<line number="226" hits="0"/>
						<line number="227" hits="0"/>
						<line number="231" hits="0"/>
						<line number="232" hits="0"/>
						<line number="240" hits="0"/>
						<line number="241" hits="0"/>
						<line number="245" hits="0"/>
						<line number="253" hits="0"/>
						<line number="256" hits="0" branch="true" condition-coverage="0% (0/2)" missing-branches="257,261"/>
						<line number="257" hits="0"/>
						<line number="258" hits="0"/>
						<line number="261" hits="0"/>
						<line number="264" hits="0"/>
						<line number="265" hits="0" branch="true" condition-coverage="0% (0/2)" missing-branches="267,280"/>
						<line number="267" hits="0"/>
						<line number="268" hits="0"/>
						<line number="271" hits="0"/>
						<line number="272" hits="0"/>
						<line number="273" hits="0"/>
						<line number="276" hits="0"/>
						<line number="279" hits="0"/>
						<line number="280" hits="0" branch="true" condition-coverage="0% (0/2)" missing-branches="282,290"/>
						<line number="282" hits="0"/>
						<line number="285" hits="0"/>
						<line number="290" hits="0" branch="true" condition-coverage="0% (0/2)" missing-branches="291,313"/>
						<line number="291" hits="0"/>
						<line number="302" hits="0" branch="true" condition-coverage="0% (0/2)" missing-branches="303,310"/>
						<line number="303" hits="0"/>
						<line number="305" hits="0"/>
						<line number="310" hits="0"/>
						<line number="313" hits="0" branch="true" condition-coverage="0% (0/2)" missing-branches="314,382"/>
						<line number="314" hits="0"/>
						<line number="317" hits="0"/>
						<line number="322" hits="0"/>
						<line number="325" hits="0" branch="true" condition-coverage="0% (0/2)" missing-branches="326,335"/>
						<line number="326" hits="0"/>
						<line number="329" hits="0" branch="true" condition-coverage="0% (0/2)" missing-branches="330,335"/>
						<line number="330" hits="0"/>
						<line number="335" hits="0"/>
						<line number="350" hits="0" branch="true" condition-coverage="0% (0/2)" missing-branches="351,375"/>
						<line number="351" hits="0"/>
						<line number="354" hits="0"/>
						<line number="357" hits="0"/>
						<line number="363" hits="0" branch="true" condition-coverage="0% (0/2)" missing-branches="350,367"/>
						<line number="367" hits="0" branch="true" condition-coverage="0% (0/2)" missing-branches="350,368"/>
						<line number="368" hits="0"/>
						<line number="370" hits="0"/>
						<line number="373" hits="0"/>
						<line number="374" hits="0"/>
						<line number="375" hits="0"/>
						<line number="378" hits="0"/>
						<line number="382" hits="0" branch="true" condition-coverage="0% (0/2)" missing-branches="383,404"/>
						<line number="383" hits="0"/>
						<line number="388" hits="0"/>
						<line number="389" hits="0" branch="true" condition-coverage="0% (0/2)" missing-branches="390,401"/>
						<line number="390" hits="0" branch="true" condition-coverage="0% (0/2)" missing-branches="391,401"/>
						<line number="391" hits="0" branch="true" condition-coverage="0% (0/2)" missing-branches="390,393"/>
						<line number="393" hits="0" branch="true" condition-coverage="0% (0/2)" missing-branches="390,399"/>
						<line number="399" hits="0"/>
						<line number="401" hits="0"/>
						<line number="404" hits="0" branch="true" condition-coverage="0% (0/2)" missing-branches="406,413"/>
						<line number="406" hits="0"/>
						<line number="407" hits="0"/>
						<line number="408" hits="0"/>
						<line number="409" hits="0"/>
						<line number="413" hits="0"/>
						<line number="416" hits="0"/>
						<line number="418" hits="0"/>
						<line number="419" hits="0"/>
						<line number="420" hits="0"/>
						<line number="425" hits="0"/>
						<line number="427" hits="0"/>
						<line number="429" hits="0"/>
						<line number="430" hits="0"/>
						<line number="431" hits="0"/>
						<line number="432" hits="0"/>
						<line number="434" hits="0"/>
						<line number="448" hits="0"/>
						<line number="450" hits="0"/>
						<line number="452" hits="0"/>
						<line number="453" hits="0" branch="true" condition-coverage="0% (0/2)" missing-branches="454,461"/>
						<line number="454" hits="0"/>
						<line number="458" hits="0"/>
						<line number="459" hits="0"/>
						<line number="461" hits="0"/>
						<line number="462" hits="0"/>
						<line number="465" hits="0"/>
						<line number="469" hits="0"/>
						<line number="470" hits="0"/>
						<line number="474" hits="0" branch="true" condition-coverage="0% (0/2)" missing-branches="476,484"/>
						<line number="476" hits="0"/>
						<line number="479" hits="0"/>
						<line number="484" hits="0"/>
						<line number="491" hits="0"/>
						<line number="495" hits="0"/>
						<line number="496" hits="0"/>
						<line number="498" hits="0"/>
						<line number="499" hits="0"/>
						<line number="501" hits="0"/>
						<line number="508" hits="0"/>
						<line number="511" hits="0"/>
						<line number="512" hits="0"/>
						<line number="516" hits="0" branch="true" condition-coverage="0% (0/2)" missing-branches="517,525"/>
						<line number="517" hits="0"/>
						<line number="522" hits="0"/>
						<line number="523" hits="0"/>
						<line number="525" hits="0"/>
						<line number="529" hits="0"/>
						<line number="530" hits="0"/>
						<line number="532" hits="0"/>
						<line number="533" hits="0"/>
						<line number="534" hits="0"/>
						<line number="535" hits="0"/>
						<line number="539" hits="0"/>
						<line number="547" hits="0"/>
						<line number="549" hits="0"/>
						<line number="555" hits="0" branch="true" condition-coverage="0% (0/2)" missing-branches="exit,561"/>
						<line number="561" hits="0"/>
						<line number="564" hits="0" branch="true" condition-coverage="0% (0/2)" missing-branches="exit,569"/>
						<line number="569" hits="0" branch="true" condition-coverage="0% (0/2)" missing-branches="exit,570"/>
						<line number="570" hits="0"/>
						<line number="573" hits="0"/>
						<line number="577" hits="0"/>
						<line number="578" hits="0"/>
						<line number="580" hits="0"/>
						<line number="593" hits="0"/>
						<line number="594" hits="0"/>
						<line number="596" hits="0"/>
						<line number="597" hits="0" branch="true" condition-coverage="0% (0/2)" missing-branches="598,601"/>
						<line number="598" hits="0"/>
						<line number="601" hits="0"/>
						<line number="609" hits="0"/>
						<line number="616" hits="0"/>
						<line number="624" hits="0"/>
						<line number="633" hits="0" branch="true" condition-coverage="0% (0/2)" missing-branches="634,650"/>
						<line number="634" hits="0"/>
						<line number="637" hits="0" branch="true" condition-coverage="0% (0/2)" missing-branches="638,648"/>
						<line number="638" hits="0"/>
						<line number="641" hits="0"/>
						<line number="644" hits="0"/>
						<line number="647" hits="0"/>
						<line number="648" hits="0"/>
						<line number="650" hits="0"/>
						<line number="651" hits="0"/>
						<line number="652" hits="0"/>
						<line number="653" hits="0"/>
						<line number="654" hits="0"/>
						<line number="655" hits="0"/>
						<line number="656" hits="0" branch="true" condition-coverage="0% (0/2)" missing-branches="657,659"/>
						<line number="657" hits="0"/>
						<line number="659" hits="0"/>
						<line number="662" hits="0" branch="true" condition-coverage="0% (0/2)" missing-branches="663,673"/>
						<line number="663" hits="0"/>
						<line number="666" hits="0"/>
						<line number="669" hits="0"/>
						<line number="672" hits="0"/>
						<line number="673" hits="0"/>
						<line number="675" hits="0"/>
						<line number="676" hits="0"/>
						<line number="679" hits="0" branch="true" condition-coverage="0% (0/2)" missing-branches="680,756"/>
						<line number="680" hits="0"/>
						<line number="683" hits="0" branch="true" condition-coverage="0% (0/2)" missing-branches="696,703"/>
						<line number="696" hits="0"/>
						<line number="700" hits="0"/>
						<line number="701" hits="0"/>
						<line number="703" hits="0" branch="true" condition-coverage="0% (0/2)" missing-branches="705,765"/>
						<line number="705" hits="0"/>
						<line number="711" hits="0" branch="true" condition-coverage="0% (0/2)" missing-branches="712,723"/>
						<line number="712" hits="0"/>
						<line number="717" hits="0" branch="true" condition-coverage="0% (0/2)" missing-branches="718,765"/>
						<line number="718" hits="0"/>
						<line number="719" hits="0"/>
						<line number="723" hits="0"/>
						<line number="727" hits="0"/>
						<line number="730" hits="0" branch="true" condition-coverage="0% (0/2)" missing-branches="731,765"/>
						<line number="731" hits="0"/>
						<line number="735" hits="0"/>
						<line number="736" hits="0"/>
						<line number="740" hits="0" branch="true" condition-coverage="0% (0/2)" missing-branches="741,744"/>
						<line number="741" hits="0"/>
						<line number="744" hits="0"/>
						<line number="747" hits="0" branch="true" condition-coverage="0% (0/2)" missing-branches="748,765"/>
						<line number="748" hits="0"/>
						<line number="751" hits="0"/>
						<line number="756" hits="0"/>
						<line number="759" hits="0" branch="true" condition-coverage="0% (0/2)" missing-branches="760,765"/>
						<line number="760" hits="0"/>
						<line number="765" hits="0" branch="true" condition-coverage="0% (0/2)" missing-branches="766,842"/>
						<line number="766" hits="0"/>
						<line number="769" hits="0" branch="true" condition-coverage="0% (0/2)" missing-branches="782,789"/>
						<line number="782" hits="0"/>
						<line number="786" hits="0"/>
						<line number="787" hits="0"/>
						<line number="789" hits="0" branch="true" condition-coverage="0% (0/2)" missing-branches="791,851"/>
						<line number="791" hits="0"/>
						<line number="797" hits="0" branch="true" condition-coverage="0% (0/2)" missing-branches="798,809"/>
						<line number="798" hits="0"/>
						<line number="803" hits="0" branch="true" condition-coverage="0% (0/2)" missing-branches="804,851"/>
						<line number="804" hits="0"/>
						<line number="805" hits="0"/>
						<line number="809" hits="0"/>
						<line number="813" hits="0"/>
						<line number="816" hits="0" branch="true" condition-coverage="0% (0/2)" missing-branches="817,851"/>
						<line number="817" hits="0"/>
						<line number="821" hits="0"/>
						<line number="822" hits="0"/>
						<line number="826" hits="0" branch="true" condition-coverage="0% (0/2)" missing-branches="827,830"/>
						<line number="827" hits="0"/>
						<line number="830" hits="0"/>
						<line number="833" hits="0" branch="true" condition-coverage="0% (0/2)" missing-branches="834,851"/>
						<line number="834" hits="0"/>
						<line number="837" hits="0"/>
						<line number="842" hits="0"/>
						<line number="845" hits="0" branch="true" condition-coverage="0% (0/2)" missing-branches="846,851"/>
						<line number="846" hits="0"/>
						<line number="851" hits="0" branch="true" condition-coverage="0% (0/2)" missing-branches="852,863"/>
						<line number="852" hits="0"/>
						<line number="859" hits="0"/>
						<line number="863" hits="0"/>
						<line number="865" hits="0"/>
						<line number="866" hits="0"/>
						<line number="868" hits="0"/>
						<line number="869" hits="0" branch="true" condition-coverage="0% (0/2)" missing-branches="870,877"/>
						<line number="870" hits="0"/>
						<line number="873" hits="0"/>
						<line number="876" hits="0"/>
						<line number="877" hits="0"/>
						<line number="879" hits="0"/>
						<line number="893" hits="0"/>
						<line number="894" hits="0"/>
						<line number="895" hits="0" branch="true" condition-coverage="0% (0/2)" missing-branches="896,898"/>
						<line number="896" hits="0"/>
						<line number="898" hits="0"/>
						<line number="901" hits="0"/>
						<line number="906" hits="0" branch="true" condition-coverage="0% (0/2)" missing-branches="911,916"/>
						<line number="911" hits="0"/>
						<line number="916" hits="0"/>
						<line number="925" hits="0"/>
						<line number="926" hits="0"/>
						<line number="927" hits="0"/>
						<line number="929" hits="0"/>
						<line number="942" hits="0"/>
						<line number="944" hits="0"/>
						<line number="945" hits="0" branch="true" condition-coverage="0% (0/2)" missing-branches="946,949"/>
						<line number="946" hits="0"/>
						<line number="949" hits="0"/>
						<line number="951" hits="0"/>
						<line number="952" hits="0" branch="true" condition-coverage="0% (0/2)" missing-branches="953,956"/>
						<line number="953" hits="0"/>
						<line number="956" hits="0"/>
						<line number="962" hits="0" branch="true" condition-coverage="0% (0/2)" missing-branches="963,979"/>
						<line number="963" hits="0"/>
						<line number="964" hits="0"/>
						<line number="965" hits="0"/>
						<line number="969" hits="0" branch="true" condition-coverage="0% (0/2)" missing-branches="962,971"/>
						<line number="971" hits="0"/>
						<line number="974" hits="0"/>
						<line number="976" hits="0"/>
						<line number="977" hits="0"/>
						<line number="979" hits="0"/>
						<line number="981" hits="0"/>
						<line number="982" hits="0"/>
						<line number="983" hits="0"/>
						<line number="987" hits="0"/>
						<line number="989" hits="0" branch="true" condition-coverage="0% (0/2)" missing-branches="990,993"/>
						<line number="990" hits="0"/>
						<line number="993" hits="0" branch="true" condition-coverage="0% (0/2)" missing-branches="994,996"/>
						<line number="994" hits="0"/>
						<line number="995" hits="0"/>
						<line number="996" hits="0" branch="true" condition-coverage="0% (0/2)" missing-branches="997,999"/>
						<line number="997" hits="0"/>
						<line number="998" hits="0"/>
						<line number="999" hits="0" branch="true" condition-coverage="0% (0/2)" missing-branches="1000,1002"/>
						<line number="1000" hits="0"/>
						<line number="1001" hits="0"/>
						<line number="1002" hits="0" branch="true" condition-coverage="0% (0/2)" missing-branches="1003,1008"/>
						<line number="1003" hits="0"/>
						<line number="1005" hits="0"/>
						<line number="1008" hits="0"/>
						<line number="1009" hits="0"/>
						<line number="1011" hits="0" branch="true" condition-coverage="0% (0/2)" missing-branches="1012,1013"/>
						<line number="1012" hits="0"/>
						<line number="1013" hits="0"/>
						<line number="1014" hits="0"/>
						<line number="1015" hits="0"/>
						<line number="1017" hits="0"/>
						<line number="1022" hits="0" branch="true" condition-coverage="0% (0/2)" missing-branches="1023,1026"/>
						<line number="1023" hits="0"/>
						<line number="1026" hits="0"/>
						<line number="1029" hits="0" branch="true" condition-coverage="0% (0/2)" missing-branches="1030,1032"/>
						<line number="1030" hits="0"/>
						<line number="1032" hits="0"/>
						<line number="1034" hits="0"/>
						<line number="1041" hits="0" branch="true" condition-coverage="0% (0/2)" missing-branches="1044,1049"/>
						<line number="1044" hits="0" branch="true" condition-coverage="0% (0/2)" missing-branches="1045,1046"/>
						<line number="1045" hits="0"/>
						<line number="1046" hits="0"/>
						<line number="1049" hits="0"/>
						<line number="1050" hits="0" branch="true" condition-coverage="0% (0/2)" missing-branches="1051,1065"/>
						<line number="1051" hits="0"/>
						<line number="1052" hits="0" branch="true" condition-coverage="0% (0/2)" missing-branches="1053,1057"/>
						<line number="1053" hits="0"/>
						<line number="1057" hits="0"/>
						<line number="1062" hits="0"/>
						<line number="1065" hits="0"/>
						<line number="1067" hits="0"/>
						<line number="1069" hits="0"/>
						<line number="1071" hits="0"/>
						<line number="1074" hits="0"/>
						<line number="1076" hits="0" branch="true" condition-coverage="0% (0/2)" missing-branches="1077,1079"/>
						<line number="1077" hits="0"/>
						<line number="1079" hits="0"/>
						<line number="1081" hits="0"/>
						<line number="1083" hits="0"/>
						<line number="1090" hits="0"/>
						<line number="1091" hits="0"/>
						<line number="1093" hits="0"/>
						<line number="1097" hits="0"/>
						<line number="1100" hits="0" branch="true" condition-coverage="0% (0/2)" missing-branches="1101,1104"/>
						<line number="1101" hits="0" branch="true" condition-coverage="0% (0/2)" missing-branches="1100,1102"/>
						<line number="1102" hits="0"/>
						<line number="1104" hits="0"/>
						<line number="1106" hits="0"/>
						<line number="1108" hits="0"/>
						<line number="1110" hits="0"/>
						<line number="1112" hits="0"/>
						<line number="1116" hits="0"/>
						<line number="1119" hits="0"/>
						<line number="1122" hits="0" branch="true" condition-coverage="0% (0/2)" missing-branches="1123,1124"/>
						<line number="1123" hits="0"/>
						<line number="1124" hits="0"/>
					</lines>
				</class>
				<class name="launch.py" filename="launch.py" complexity="0" line-rate="0" branch-rate="0">
					<methods/>
					<lines>
						<line number="3" hits="0"/>
						<line number="4" hits="0"/>
						<line number="5" hits="0"/>
						<line number="6" hits="0"/>
						<line number="7" hits="0"/>
						<line number="9" hits="0"/>
						<line number="10" hits="0"/>
						<line number="11" hits="0"/>
						<line number="12" hits="0"/>
						<line number="13" hits="0"/>
						<line number="14" hits="0"/>
						<line number="16" hits="0"/>
						<line number="19" hits="0"/>
						<line number="22" hits="0"/>
						<line number="23" hits="0"/>
						<line number="24" hits="0"/>
						<line number="26" hits="0"/>
						<line number="46" hits="0"/>
						<line number="47" hits="0"/>
						<line number="48" hits="0"/>
						<line number="50" hits="0"/>
						<line number="51" hits="0"/>
						<line number="53" hits="0" branch="true" condition-coverage="0% (0/2)" missing-branches="54,68"/>
						<line number="54" hits="0"/>
						<line number="56" hits="0" branch="true" condition-coverage="0% (0/2)" missing-branches="57,60"/>
						<line number="57" hits="0"/>
						<line number="58" hits="0"/>
						<line number="59" hits="0"/>
						<line number="60" hits="0" branch="true" condition-coverage="0% (0/2)" missing-branches="61,63"/>
						<line number="61" hits="0"/>
						<line number="62" hits="0"/>
						<line number="63" hits="0" branch="true" condition-coverage="0% (0/2)" missing-branches="64,66"/>
						<line number="64" hits="0"/>
						<line number="66" hits="0"/>
						<line number="68" hits="0"/>
						<line number="69" hits="0"/>
						<line number="71" hits="0" branch="true" condition-coverage="0% (0/2)" missing-branches="72,74"/>
						<line number="72" hits="0"/>
						<line number="74" hits="0"/>
						<line number="76" hits="0"/>
						<line number="106" hits="0"/>
						<line number="108" hits="0" branch="true" condition-coverage="0% (0/2)" missing-branches="109,113"/>
						<line number="109" hits="0"/>
						<line number="110" hits="0"/>
						<line number="111" hits="0"/>
						<line number="113" hits="0" branch="true" condition-coverage="0% (0/2)" missing-branches="114,124"/>
						<line number="114" hits="0" branch="true" condition-coverage="0% (0/2)" missing-branches="115,118"/>
						<line number="115" hits="0"/>
						<line number="116" hits="0"/>
						<line number="117" hits="0"/>
						<line number="118" hits="0"/>
						<line number="119" hits="0" branch="true" condition-coverage="0% (0/2)" missing-branches="120,127"/>
						<line number="120" hits="0"/>
						<line number="121" hits="0"/>
						<line number="122" hits="0"/>
						<line number="124" hits="0" branch="true" condition-coverage="0% (0/2)" missing-branches="125,127"/>
						<line number="125" hits="0"/>
						<line number="127" hits="0"/>
						<line number="128" hits="0"/>
						<line number="129" hits="0"/>
						<line number="130" hits="0"/>
						<line number="131" hits="0"/>
						<line number="133" hits="0"/>
						<line number="135" hits="0"/>
						<line number="136" hits="0"/>
						<line number="137" hits="0"/>
						<line number="139" hits="0" branch="true" condition-coverage="0% (0/2)" missing-branches="140,163"/>
						<line number="140" hits="0"/>
						<line number="142" hits="0"/>
						<line number="144" hits="0"/>
						<line number="151" hits="0"/>
						<line number="155" hits="0" branch="true" condition-coverage="0% (0/2)" missing-branches="156,160"/>
						<line number="156" hits="0"/>
						<line number="157" hits="0"/>
						<line number="158" hits="0"/>
						<line number="160" hits="0"/>
						<line number="161" hits="0"/>
						<line number="163" hits="0"/>
						<line number="164" hits="0"/>
						<line number="166" hits="0"/>
						<line number="168" hits="0"/>
						<line number="169" hits="0"/>
						<line number="171" hits="0"/>
						<line number="176" hits="0" branch="true" condition-coverage="0% (0/2)" missing-branches="177,182"/>
						<line number="177" hits="0"/>
						<line number="180" hits="0"/>
						<line number="182" hits="0" branch="true" condition-coverage="0% (0/2)" missing-branches="183,191"/>
						<line number="183" hits="0" branch="true" condition-coverage="0% (0/2)" missing-branches="184,189"/>
						<line number="184" hits="0"/>
						<line number="187" hits="0"/>
						<line number="189" hits="0"/>
						<line number="191" hits="0"/>
						<line number="192" hits="0"/>
						<line number="193" hits="0"/>
						<line number="194" hits="0"/>
						<line number="195" hits="0"/>
						<line number="197" hits="0"/>
						<line number="198" hits="0"/>
						<line number="200" hits="0"/>
						<line number="204" hits="0"/>
						<line number="206" hits="0"/>
						<line number="210" hits="0"/>
						<line number="219" hits="0"/>
						<line number="223" hits="0"/>
						<line number="225" hits="0" branch="true" condition-coverage="0% (0/2)" missing-branches="226,314"/>
						<line number="226" hits="0"/>
						<line number="227" hits="0"/>
						<line number="230" hits="0"/>
						<line number="231" hits="0"/>
						<line number="233" hits="0"/>
						<line number="234" hits="0"/>
						<line number="237" hits="0"/>
						<line number="241" hits="0"/>
						<line number="244" hits="0"/>
						<line number="245" hits="0"/>
						<line number="246" hits="0"/>
						<line number="248" hits="0"/>
						<line number="250" hits="0" branch="true" condition-coverage="0% (0/2)" missing-branches="251,253"/>
						<line number="251" hits="0"/>
						<line number="253" hits="0"/>
						<line number="258" hits="0"/>
						<line number="264" hits="0" branch="true" condition-coverage="0% (0/2)" missing-branches="265,274"/>
						<line number="265" hits="0"/>
						<line number="270" hits="0"/>
						<line number="271" hits="0"/>
						<line number="272" hits="0"/>
						<line number="274" hits="0"/>
						<line number="275" hits="0"/>
						<line number="276" hits="0"/>
						<line number="278" hits="0"/>
						<line number="280" hits="0"/>
						<line number="283" hits="0" branch="true" condition-coverage="0% (0/2)" missing-branches="284,301"/>
						<line number="284" hits="0"/>
						<line number="289" hits="0"/>
						<line number="294" hits="0"/>
						<line number="301" hits="0"/>
						<line number="305" hits="0"/>
						<line number="306" hits="0" branch="true" condition-coverage="0% (0/2)" missing-branches="307,310"/>
						<line number="307" hits="0"/>
						<line number="308" hits="0"/>
						<line number="310" hits="0"/>
						<line number="314" hits="0"/>
						<line number="315" hits="0"/>
						<line number="317" hits="0"/>
						<line number="319" hits="0"/>
						<line number="320" hits="0"/>
						<line number="329" hits="0"/>
						<line number="330" hits="0"/>
						<line number="331" hits="0"/>
						<line number="333" hits="0"/>
						<line number="334" hits="0"/>
						<line number="337" hits="0"/>
						<line number="338" hits="0"/>
						<line number="342" hits="0"/>
						<line number="344" hits="0"/>
						<line number="347" hits="0"/>
						<line number="348" hits="0" branch="true" condition-coverage="0% (0/2)" missing-branches="351,352"/>
						<line number="351" hits="0"/>
						<line number="352" hits="0"/>
						<line number="353" hits="0"/>
						<line number="355" hits="0"/>
						<line number="356" hits="0"/>
						<line number="357" hits="0"/>
						<line number="359" hits="0"/>
						<line number="360" hits="0" branch="true" condition-coverage="0% (0/2)" missing-branches="361,365"/>
						<line number="361" hits="0"/>
						<line number="362" hits="0"/>
						<line number="363" hits="0"/>
						<line number="365" hits="0"/>
						<line number="366" hits="0"/>
						<line number="367" hits="0"/>
						<line number="368" hits="0"/>
						<line number="369" hits="0"/>
						<line number="371" hits="0"/>
						<line number="389" hits="0"/>
						<line number="391" hits="0"/>
						<line number="394" hits="0"/>
						<line number="397" hits="0" branch="true" condition-coverage="0% (0/2)" missing-branches="398,399"/>
						<line number="398" hits="0"/>
						<line number="399" hits="0" branch="true" condition-coverage="0% (0/2)" missing-branches="400,401"/>
						<line number="400" hits="0"/>
						<line number="401" hits="0" branch="true" condition-coverage="0% (0/2)" missing-branches="402,403"/>
						<line number="402" hits="0"/>
						<line number="403" hits="0" branch="true" condition-coverage="0% (0/2)" missing-branches="404,405"/>
						<line number="404" hits="0"/>
						<line number="405" hits="0" branch="true" condition-coverage="0% (0/2)" missing-branches="406,407"/>
						<line number="406" hits="0"/>
						<line number="407" hits="0" branch="true" condition-coverage="0% (0/2)" missing-branches="408,409"/>
						<line number="408" hits="0"/>
						<line number="409" hits="0" branch="true" condition-coverage="0% (0/2)" missing-branches="410,411"/>
						<line number="410" hits="0"/>
						<line number="411" hits="0" branch="true" condition-coverage="0% (0/2)" missing-branches="412,413"/>
						<line number="412" hits="0"/>
						<line number="413" hits="0" branch="true" condition-coverage="0% (0/2)" missing-branches="414,415"/>
						<line number="414" hits="0"/>
						<line number="415" hits="0" branch="true" condition-coverage="0% (0/2)" missing-branches="416,417"/>
						<line number="416" hits="0"/>
						<line number="417" hits="0" branch="true" condition-coverage="0% (0/2)" missing-branches="418,419"/>
						<line number="418" hits="0"/>
						<line number="419" hits="0" branch="true" condition-coverage="0% (0/2)" missing-branches="420,421"/>
						<line number="420" hits="0"/>
						<line number="421" hits="0" branch="true" condition-coverage="0% (0/2)" missing-branches="422,424"/>
						<line number="422" hits="0"/>
						<line number="424" hits="0"/>
						<line number="425" hits="0"/>
						<line number="428" hits="0"/>
						<line number="431" hits="0" branch="true" condition-coverage="0% (0/2)" missing-branches="432,435"/>
						<line number="432" hits="0"/>
						<line number="435" hits="0"/>
						<line number="438" hits="0"/>
						<line number="439" hits="0"/>
						<line number="441" hits="0"/>
						<line number="442" hits="0"/>
						<line number="444" hits="0"/>
						<line number="446" hits="0"/>
						<line number="448" hits="0" branch="true" condition-coverage="0% (0/2)" missing-branches="449,453"/>
						<line number="449" hits="0"/>
						<line number="450" hits="0"/>
						<line number="451" hits="0"/>
						<line number="453" hits="0"/>
						<line number="456" hits="0"/>
						<line number="457" hits="0"/>
						<line number="460" hits="0" branch="true" condition-coverage="0% (0/2)" missing-branches="461,462"/>
						<line number="461" hits="0"/>
						<line number="462" hits="0" branch="true" condition-coverage="0% (0/2)" missing-branches="463,465"/>
						<line number="463" hits="0"/>
						<line number="465" hits="0"/>
						<line number="466" hits="0" branch="true" condition-coverage="0% (0/2)" missing-branches="467,546"/>
						<line number="467" hits="0"/>
						<line number="468" hits="0"/>
						<line number="471" hits="0"/>
						<line number="472" hits="0"/>
						<line number="473" hits="0"/>
						<line number="475" hits="0"/>
						<line number="477" hits="0"/>
						<line number="485" hits="0"/>
						<line number="486" hits="0"/>
						<line number="487" hits="0"/>
						<line number="490" hits="0" branch="true" condition-coverage="0% (0/2)" missing-branches="491,543"/>
						<line number="491" hits="0"/>
						<line number="492" hits="0"/>
						<line number="494" hits="0"/>
						<line number="495" hits="0"/>
						<line number="497" hits="0"/>
						<line number="500" hits="0"/>
						<line number="501" hits="0"/>
						<line number="503" hits="0"/>
						<line number="510" hits="0"/>
						<line number="513" hits="0"/>
						<line number="515" hits="0"/>
						<line number="516" hits="0"/>
						<line number="517" hits="0"/>
						<line number="518" hits="0"/>
						<line number="525" hits="0"/>
						<line number="530" hits="0" branch="true" condition-coverage="0% (0/2)" missing-branches="531,535"/>
						<line number="531" hits="0"/>
						<line number="535" hits="0"/>
						<line number="539" hits="0"/>
						<line number="540" hits="0"/>
						<line number="541" hits="0"/>
						<line number="543" hits="0"/>
						<line number="546" hits="0"/>
						<line number="549" hits="0" branch="true" condition-coverage="0% (0/2)" missing-branches="550,581"/>
						<line number="550" hits="0"/>
						<line number="553" hits="0" branch="true" condition-coverage="0% (0/2)" missing-branches="554,557"/>
						<line number="554" hits="0"/>
						<line number="557" hits="0" branch="true" condition-coverage="0% (0/2)" missing-branches="558,561"/>
						<line number="558" hits="0"/>
						<line number="561" hits="0" branch="true" condition-coverage="0% (0/2)" missing-branches="562,565"/>
						<line number="562" hits="0"/>
						<line number="565" hits="0" branch="true" condition-coverage="0% (0/2)" missing-branches="566,569"/>
						<line number="566" hits="0"/>
						<line number="569" hits="0" branch="true" condition-coverage="0% (0/2)" missing-branches="570,573"/>
						<line number="570" hits="0"/>
						<line number="573" hits="0" branch="true" condition-coverage="0% (0/2)" missing-branches="574,577"/>
						<line number="574" hits="0"/>
						<line number="577" hits="0" branch="true" condition-coverage="0% (0/2)" missing-branches="578,581"/>
						<line number="578" hits="0"/>
						<line number="581" hits="0" branch="true" condition-coverage="0% (0/2)" missing-branches="582,585"/>
						<line number="582" hits="0"/>
						<line number="585" hits="0" branch="true" condition-coverage="0% (0/2)" missing-branches="586,591"/>
						<line number="586" hits="0"/>
						<line number="591" hits="0" branch="true" condition-coverage="0% (0/2)" missing-branches="592,594"/>
						<line number="592" hits="0"/>
						<line number="594" hits="0"/>
						<line number="596" hits="0"/>
						<line number="597" hits="0"/>
						<line number="599" hits="0"/>
						<line number="601" hits="0"/>
						<line number="603" hits="0"/>
						<line number="606" hits="0" branch="true" condition-coverage="0% (0/2)" missing-branches="607,610"/>
						<line number="607" hits="0"/>
						<line number="610" hits="0" branch="true" condition-coverage="0% (0/2)" missing-branches="611,614"/>
						<line number="611" hits="0"/>
						<line number="614" hits="0" branch="true" condition-coverage="0% (0/2)" missing-branches="615,619"/>
						<line number="615" hits="0"/>
						<line number="619" hits="0"/>
						<line number="622" hits="0"/>
						<line number="623" hits="0"/>
						<line number="624" hits="0" branch="true" condition-coverage="0% (0/2)" missing-branches="625,629"/>
						<line number="625" hits="0"/>
						<line number="629" hits="0"/>
						<line number="630" hits="0"/>
						<line number="631" hits="0"/>
						<line number="634" hits="0"/>
					</lines>
				</class>
				<class name="manager.py" filename="manager.py" complexity="0" line-rate="0.1887" branch-rate="0">
					<methods/>
					<lines>
						<line number="3" hits="1"/>
						<line number="4" hits="1"/>
						<line number="5" hits="1"/>
						<line number="7" hits="1"/>
						<line number="8" hits="1"/>
						<line number="9" hits="1"/>
						<line number="10" hits="1"/>
						<line number="11" hits="1"/>
						<line number="12" hits="1"/>
						<line number="13" hits="1"/>
						<line number="14" hits="1"/>
						<line number="16" hits="1"/>
						<line number="19" hits="1"/>
						<line number="20" hits="1"/>
						<line number="23" hits="1"/>
						<line number="24" hits="0"/>
						<line number="25" hits="0"/>
						<line number="26" hits="0"/>
						<line number="28" hits="1"/>
						<line number="30" hits="0"/>
						<line number="32" hits="1"/>
						<line number="34" hits="0"/>
						<line number="37" hits="1"/>
						<line number="40" hits="1"/>
						<line number="46" hits="0"/>
						<line number="47" hits="0"/>
						<line number="50" hits="0"/>
						<line number="52" hits="1"/>
						<line number="62" hits="0"/>
						<line number="64" hits="1"/>
						<line number="70" hits="0"/>
						<line number="72" hits="1"/>
						<line number="86" hits="0"/>
						<line number="88" hits="0"/>
						<line number="91" hits="0"/>
						<line number="92" hits="0"/>
						<line number="104" hits="0"/>
						<line number="106" hits="1"/>
						<line number="116" hits="0"/>
						<line number="118" hits="0" branch="true" condition-coverage="0% (0/2)" missing-branches="119,121"/>
						<line number="119" hits="0"/>
						<line number="121" hits="0"/>
						<line number="122" hits="0"/>
						<line number="124" hits="0"/>
						<line number="125" hits="0"/>
						<line number="127" hits="0" branch="true" condition-coverage="0% (0/2)" missing-branches="128,129"/>
						<line number="128" hits="0"/>
						<line number="129" hits="0" branch="true" condition-coverage="0% (0/2)" missing-branches="130,131"/>
						<line number="130" hits="0"/>
						<line number="131" hits="0" branch="true" condition-coverage="0% (0/2)" missing-branches="132,133"/>
						<line number="132" hits="0"/>
						<line number="133" hits="0" branch="true" condition-coverage="0% (0/2)" missing-branches="134,135"/>
						<line number="134" hits="0"/>
						<line number="135" hits="0" branch="true" condition-coverage="0% (0/2)" missing-branches="136,137"/>
						<line number="136" hits="0"/>
						<line number="137" hits="0" branch="true" condition-coverage="0% (0/2)" missing-branches="138,139"/>
						<line number="138" hits="0"/>
						<line number="139" hits="0" branch="true" condition-coverage="0% (0/2)" missing-branches="140,141"/>
						<line number="140" hits="0"/>
						<line number="141" hits="0" branch="true" condition-coverage="0% (0/2)" missing-branches="142,143"/>
						<line number="142" hits="0"/>
						<line number="143" hits="0" branch="true" condition-coverage="0% (0/2)" missing-branches="144,145"/>
						<line number="144" hits="0"/>
						<line number="145" hits="0" branch="true" condition-coverage="0% (0/2)" missing-branches="146,147"/>
						<line number="146" hits="0"/>
						<line number="147" hits="0" branch="true" condition-coverage="0% (0/2)" missing-branches="148,149"/>
						<line number="148" hits="0"/>
						<line number="149" hits="0" branch="true" condition-coverage="0% (0/2)" missing-branches="150,151"/>
						<line number="150" hits="0"/>
						<line number="151" hits="0" branch="true" condition-coverage="0% (0/2)" missing-branches="152,154"/>
						<line number="152" hits="0"/>
						<line number="154" hits="0" branch="true" condition-coverage="0% (0/2)" missing-branches="155,164"/>
						<line number="155" hits="0"/>
						<line number="156" hits="0"/>
						<line number="164" hits="0"/>
						<line number="165" hits="0"/>
						<line number="166" hits="0" branch="true" condition-coverage="0% (0/2)" missing-branches="167,180"/>
						<line number="167" hits="0"/>
						<line number="168" hits="0"/>
						<line number="170" hits="0"/>
						<line number="172" hits="0"/>
						<line number="173" hits="0"/>
						<line number="175" hits="0" branch="true" condition-coverage="0% (0/2)" missing-branches="176,180"/>
						<line number="176" hits="0"/>
						<line number="177" hits="0"/>
						<line number="178" hits="0"/>
						<line number="180" hits="0"/>
						<line number="181" hits="0"/>
						<line number="182" hits="0"/>
						<line number="183" hits="0"/>
						<line number="184" hits="0" branch="true" condition-coverage="0% (0/2)" missing-branches="185,267"/>
						<line number="185" hits="0"/>
						<line number="188" hits="0"/>
						<line number="189" hits="0"/>
						<line number="190" hits="0"/>
						<line number="192" hits="0"/>
						<line number="194" hits="0"/>
						<line number="204" hits="0"/>
						<line number="205" hits="0"/>
						<line number="206" hits="0"/>
						<line number="209" hits="0" branch="true" condition-coverage="0% (0/2)" missing-branches="210,250"/>
						<line number="210" hits="0"/>
						<line number="211" hits="0"/>
						<line number="213" hits="0"/>
						<line number="214" hits="0"/>
						<line number="216" hits="0"/>
						<line number="218" hits="0"/>
						<line number="219" hits="0"/>
						<line number="220" hits="0"/>
						<line number="221" hits="0"/>
						<line number="230" hits="0" branch="true" condition-coverage="0% (0/2)" missing-branches="231,245"/>
						<line number="231" hits="0"/>
						<line number="236" hits="0" branch="true" condition-coverage="0% (0/2)" missing-branches="237,241"/>
						<line number="237" hits="0"/>
						<line number="241" hits="0"/>
						<line number="245" hits="0"/>
						<line number="246" hits="0"/>
						<line number="247" hits="0"/>
						<line number="250" hits="0" branch="true" condition-coverage="0% (0/2)" missing-branches="251,265"/>
						<line number="251" hits="0"/>
						<line number="252" hits="0"/>
						<line number="254" hits="0"/>
						<line number="255" hits="0"/>
						<line number="262" hits="0"/>
						<line number="263" hits="0"/>
						<line number="265" hits="0"/>
						<line number="267" hits="0"/>
						<line number="269" hits="0"/>
						<line number="270" hits="0"/>
						<line number="271" hits="0"/>
						<line number="273" hits="1"/>
						<line number="275" hits="0"/>
						<line number="276" hits="0"/>
						<line number="277" hits="0"/>
						<line number="279" hits="1"/>
						<line number="292" hits="0"/>
						<line number="293" hits="0"/>
						<line number="294" hits="0"/>
						<line number="295" hits="0"/>
						<line number="298" hits="0"/>
						<line number="299" hits="0"/>
						<line number="300" hits="0"/>
						<line number="302" hits="1"/>
						<line number="306" hits="0"/>
						<line number="307" hits="0"/>
						<line number="308" hits="0"/>
						<line number="312" hits="1"/>
						<line number="314" hits="0" branch="true" condition-coverage="0% (0/2)" missing-branches="315,316"/>
						<line number="315" hits="0"/>
						<line number="316" hits="0" branch="true" condition-coverage="0% (0/2)" missing-branches="317,319"/>
						<line number="317" hits="0" branch="true" condition-coverage="0% (0/2)" missing-branches="316,318"/>
						<line number="318" hits="0"/>
						<line number="319" hits="0"/>
						<line number="321" hits="1"/>
						<line number="323" hits="0"/>
						<line number="325" hits="1"/>
						<line number="327" hits="0"/>
						<line number="329" hits="1"/>
						<line number="331" hits="0"/>
					</lines>
				</class>
				<class name="script_processor.py" filename="script_processor.py" complexity="0" line-rate="0.942" branch-rate="0.8596">
					<methods/>
					<lines>
						<line number="3" hits="1"/>
						<line number="4" hits="1"/>
						<line number="5" hits="1"/>
						<line number="6" hits="1"/>
						<line number="8" hits="1"/>
						<line number="9" hits="1"/>
						<line number="12" hits="1"/>
						<line number="15" hits="1"/>
						<line number="16" hits="1"/>
						<line number="18" hits="1"/>
						<line number="19" hits="1"/>
						<line number="21" hits="1"/>
						<line number="22" hits="1"/>
						<line number="23" hits="1"/>
						<line number="25" hits="1"/>
						<line number="26" hits="1"/>
						<line number="28" hits="1" branch="true" condition-coverage="100% (2/2)"/>
						<line number="29" hits="1"/>
						<line number="30" hits="1"/>
						<line number="32" hits="1"/>
						<line number="33" hits="1"/>
						<line number="54" hits="1"/>
						<line number="70" hits="1"/>
						<line number="72" hits="1" branch="true" condition-coverage="100% (2/2)"/>
						<line number="73" hits="1"/>
						<line number="76" hits="1"/>
						<line number="77" hits="1"/>
						<line number="80" hits="1" branch="true" condition-coverage="100% (2/2)"/>
						<line number="81" hits="1"/>
						<line number="83" hits="1"/>
						<line number="85" hits="1"/>
						<line number="86" hits="1"/>
						<line number="96" hits="1"/>
						<line number="99" hits="1"/>
						<line number="102" hits="1" branch="true" condition-coverage="100% (2/2)"/>
						<line number="103" hits="1" branch="true" condition-coverage="100% (2/2)"/>
						<line number="104" hits="1"/>
						<line number="105" hits="1" branch="true" condition-coverage="50% (1/2)" missing-branches="108"/>
						<line number="106" hits="1"/>
						<line number="108" hits="0"/>
						<line number="111" hits="1"/>
						<line number="112" hits="1" branch="true" condition-coverage="100% (2/2)"/>
						<line number="114" hits="1"/>
						<line number="115" hits="1"/>
						<line number="116" hits="1" branch="true" condition-coverage="100% (2/2)"/>
						<line number="117" hits="1"/>
						<line number="118" hits="1"/>
						<line number="121" hits="1"/>
						<line number="122" hits="1"/>
						<line number="125" hits="1"/>
						<line number="128" hits="1"/>
						<line number="129" hits="1"/>
						<line number="131" hits="1"/>
						<line number="133" hits="1"/>
						<line number="134" hits="1"/>
						<line number="141" hits="1"/>
						<line number="142" hits="1"/>
						<line number="143" hits="1"/>
						<line number="145" hits="1"/>
						<line number="146" hits="1"/>
						<line number="147" hits="1"/>
						<line number="149" hits="1" branch="true" condition-coverage="100% (2/2)"/>
						<line number="150" hits="1"/>
						<line number="151" hits="1"/>
						<line number="154" hits="1" branch="true" condition-coverage="100% (2/2)"/>
						<line number="155" hits="1"/>
						<line number="156" hits="1"/>
						<line number="157" hits="1"/>
						<line number="158" hits="1"/>
						<line number="161" hits="1" branch="true" condition-coverage="100% (2/2)"/>
						<line number="162" hits="1" branch="true" condition-coverage="50% (1/2)" missing-branches="169"/>
						<line number="164" hits="1"/>
						<line number="167" hits="1" branch="true" condition-coverage="100% (2/2)"/>
						<line number="168" hits="1"/>
						<line number="169" hits="1"/>
						<line number="170" hits="1"/>
						<line number="171" hits="1"/>
						<line number="172" hits="1"/>
						<line number="175" hits="1" branch="true" condition-coverage="100% (2/2)"/>
						<line number="177" hits="1"/>
						<line number="178" hits="1" branch="true" condition-coverage="50% (1/2)" missing-branches="180"/>
						<line number="179" hits="1"/>
						<line number="180" hits="1"/>
						<line number="181" hits="1"/>
						<line number="184" hits="1" branch="true" condition-coverage="100% (2/2)"/>
						<line number="185" hits="1"/>
						<line number="186" hits="1"/>
						<line number="187" hits="1"/>
						<line number="191" hits="1"/>
						<line number="192" hits="1"/>
						<line number="194" hits="1"/>
						<line number="196" hits="1"/>
						<line number="197" hits="1"/>
						<line number="199" hits="1"/>
						<line number="201" hits="1"/>
						<line number="202" hits="1"/>
						<line number="204" hits="1" branch="true" condition-coverage="100% (2/2)"/>
						<line number="206" hits="1" branch="true" condition-coverage="100% (2/2)"/>
						<line number="207" hits="1"/>
						<line number="210" hits="1"/>
						<line number="211" hits="1" branch="true" condition-coverage="100% (2/2)"/>
						<line number="212" hits="1"/>
						<line number="213" hits="1" branch="true" condition-coverage="50% (1/2)" missing-branches="215"/>
[...]
						<line number="289" hits="0"/>
						<line number="294" hits="0"/>
						<line number="296" hits="0" branch="true" condition-coverage="0% (0/2)" missing-branches="298,330"/>
						<line number="298" hits="0"/>
						<line number="301" hits="0"/>
						<line number="302" hits="0" branch="true" condition-coverage="0% (0/2)" missing-branches="303,306"/>
						<line number="303" hits="0"/>
						<line number="304" hits="0"/>
						<line number="306" hits="0"/>
						<line number="317" hits="0" branch="true" condition-coverage="0% (0/2)" missing-branches="318,324"/>
						<line number="318" hits="0"/>
						<line number="320" hits="0"/>
						<line number="321" hits="0"/>
						<line number="322" hits="0"/>
						<line number="324" hits="0"/>
						<line number="325" hits="0"/>
						<line number="326" hits="0"/>
						<line number="327" hits="0"/>
						<line number="330" hits="0" branch="true" condition-coverage="0% (0/2)" missing-branches="332,355"/>
						<line number="332" hits="0"/>
						<line number="333" hits="0" branch="true" condition-coverage="0% (0/2)" missing-branches="334,339"/>
						<line number="334" hits="0"/>
						<line number="335" hits="0" branch="true" condition-coverage="0% (0/2)" missing-branches="333,336"/>
						<line number="336" hits="0"/>
						<line number="337" hits="0"/>
						<line number="339" hits="0" branch="true" condition-coverage="0% (0/2)" missing-branches="340,352"/>
						<line number="340" hits="0"/>
						<line number="341" hits="0"/>
						<line number="342" hits="0" branch="true" condition-coverage="0% (0/2)" missing-branches="343,344"/>
						<line number="343" hits="0"/>
						<line number="344" hits="0"/>
						<line number="345" hits="0"/>
						<line number="346" hits="0"/>
						<line number="349" hits="0" branch="true" condition-coverage="0% (0/2)" missing-branches="exit,350"/>
						<line number="350" hits="0"/>
						<line number="352" hits="0"/>
						<line number="353" hits="0"/>
						<line number="355" hits="0"/>
						<line number="358" hits="0" branch="true" condition-coverage="0% (0/2)" missing-branches="exit,359"/>
						<line number="359" hits="0"/>
					</lines>
				</class>
				<class name="models.py" filename="web/models.py" complexity="0" line-rate="0" branch-rate="1">
					<methods/>
					<lines>
						<line number="1" hits="0"/>
						<line number="2" hits="0"/>
						<line number="3" hits="0"/>
						<line number="5" hits="0"/>
						<line number="8" hits="0"/>
						<line number="12" hits="0"/>
						<line number="13" hits="0"/>
						<line number="14" hits="0"/>
						<line number="17" hits="0"/>
						<line number="18" hits="0"/>
						<line number="19" hits="0"/>
						<line number="20" hits="0"/>
						<line number="21" hits="0"/>
						<line number="22" hits="0"/>
						<line number="23" hits="0"/>
						<line number="26" hits="0"/>
						<line number="27" hits="0"/>
						<line number="30" hits="0"/>
						<line number="33" hits="0"/>
						<line number="36" hits="0"/>
						<line number="37" hits="0"/>
						<line number="40" hits="0"/>
						<line number="43" hits="0"/>
						<line number="44" hits="0"/>
						<line number="45" hits="0"/>
						<line number="46" hits="0"/>
						<line number="47" hits="0"/>
						<line number="48" hits="0"/>
						<line number="49" hits="0"/>
						<line number="52" hits="0"/>
						<line number="55" hits="0"/>
						<line number="56" hits="0"/>
						<line number="57" hits="0"/>
						<line number="58" hits="0"/>
						<line number="59" hits="0"/>
						<line number="60" hits="0"/>
						<line number="61" hits="0"/>
						<line number="62" hits="0"/>
						<line number="63" hits="0"/>
						<line number="64" hits="0"/>
						<line number="65" hits="0"/>
						<line number="66" hits="0"/>
						<line number="67" hits="0"/>
						<line number="68" hits="0"/>
						<line number="69" hits="0"/>
						<line number="70" hits="0"/>
						<line number="71" hits="0"/>
						<line number="72" hits="0"/>
						<line number="73" hits="0"/>
						<line number="74" hits="0"/>
						<line number="77" hits="0"/>
						<line number="78" hits="0"/>
						<line number="81" hits="0"/>
						<line number="82" hits="0"/>
						<line number="85" hits="0"/>
						<line number="86" hits="0"/>
						<line number="87" hits="0"/>
						<line number="88" hits="0"/>
						<line number="89" hits="0"/>
						<line number="90" hits="0"/>
						<line number="93" hits="0"/>
						<line number="94" hits="0"/>
						<line number="95" hits="0"/>
						<line number="96" hits="0"/>
						<line number="99" hits="0"/>
						<line number="100" hits="0"/>
						<line number="101" hits="0"/>
						<line number="102" hits="0"/>
						<line number="105" hits="0"/>
						<line number="107" hits="0"/>
						<line number="108" hits="0"/>
						<line number="110" hits="0"/>
						<line number="158" hits="0"/>
						<line number="160" hits="0"/>
						<line number="162" hits="0"/>
						<line number="211" hits="0"/>
						<line number="214" hits="0"/>
						<line number="215" hits="0"/>
						<line number="216" hits="0"/>
						<line number="217" hits="0"/>
						<line number="220" hits="0"/>
						<line number="223" hits="0"/>
						<line number="224" hits="0"/>
						<line number="225" hits="0"/>
						<line number="226" hits="0"/>
						<line number="227" hits="0"/>
						<line number="228" hits="0"/>
						<line number="230" hits="0"/>
						<line number="231" hits="0"/>
						<line number="232" hits="0"/>
						<line number="233" hits="0"/>
						<line number="234" hits="0"/>
						<line number="237" hits="0"/>
						<line number="240" hits="0"/>
						<line number="241" hits="0"/>
						<line number="242" hits="0"/>
						<line number="243" hits="0"/>
						<line number="244" hits="0"/>
						<line number="246" hits="0"/>
						<line number="247" hits="0"/>
						<line number="250" hits="0"/>
						<line number="253" hits="0"/>
						<line number="254" hits="0"/>
						<line number="255" hits="0"/>
						<line number="256" hits="0"/>
						<line number="257" hits="0"/>
						<line number="260" hits="0"/>
						<line number="263" hits="0"/>
						<line number="264" hits="0"/>
						<line number="265" hits="0"/>
						<line number="266" hits="0"/>
						<line number="267" hits="0"/>
						<line number="268" hits="0"/>
						<line number="271" hits="0"/>
						<line number="274" hits="0"/>
						<line number="275" hits="0"/>
						<line number="276" hits="0"/>
						<line number="277" hits="0"/>
						<line number="278" hits="0"/>
						<line number="279" hits="0"/>
						<line number="280" hits="0"/>
						<line number="281" hits="0"/>
						<line number="282" hits="0"/>
						<line number="283" hits="0"/>
						<line number="284" hits="0"/>
						<line number="291" hits="0"/>
						<line number="294" hits="0"/>
						<line number="295" hits="0"/>
						<line number="296" hits="0"/>
						<line number="297" hits="0"/>
						<line number="298" hits="0"/>
						<line number="299" hits="0"/>
						<line number="300" hits="0"/>
						<line number="301" hits="0"/>
						<line number="304" hits="0"/>
						<line number="307" hits="0"/>
						<line number="308" hits="0"/>
						<line number="309" hits="0"/>
						<line number="312" hits="0"/>
						<line number="313" hits="0"/>
						<line number="314" hits="0"/>
						<line number="315" hits="0"/>
						<line number="316" hits="0"/>
						<line number="317" hits="0"/>
						<line number="319" hits="0"/>
						<line number="320" hits="0"/>
						<line number="321" hits="0"/>
						<line number="322" hits="0"/>
						<line number="323" hits="0"/>
						<line number="324" hits="0"/>
						<line number="325" hits="0"/>
						<line number="326" hits="0"/>
						<line number="327" hits="0"/>
						<line number="330" hits="0"/>
						<line number="331" hits="0"/>
						<line number="332" hits="0"/>
						<line number="333" hits="0"/>
						<line number="336" hits="0"/>
						<line number="339" hits="0"/>
						<line number="342" hits="0"/>
						<line number="343" hits="0"/>
						<line number="344" hits="0"/>
						<line number="345" hits="0"/>
						<line number="348" hits="0"/>
						<line number="349" hits="0"/>
						<line number="350" hits="0"/>
					</lines>
				</class>
				<class name="security.py" filename="web/security.py" complexity="0" line-rate="0.745" branch-rate="0.7714">
					<methods/>
					<lines>
						<line number="3" hits="1"/>
						<line number="4" hits="1"/>
						<line number="5" hits="1"/>
						<line number="6" hits="1"/>
						<line number="7" hits="1"/>
						<line number="8" hits="1"/>
						<line number="9" hits="1"/>
						<line number="10" hits="1"/>
						<line number="11" hits="1"/>
						<line number="13" hits="1"/>
						<line number="15" hits="1"/>
						<line number="17" hits="1"/>
						<line number="20" hits="1"/>
						<line number="23" hits="1"/>
						<line number="29" hits="1"/>
						<line number="30" hits="1"/>
						<line number="31" hits="1"/>
						<line number="32" hits="1"/>
						<line number="33" hits="1"/>
						<line number="34" hits="1"/>
						<line number="36" hits="1"/>
						<line number="39" hits="1"/>
						<line number="40" hits="1" branch="true" condition-coverage="100% (2/2)"/>
						<line number="41" hits="1"/>
						<line number="44" hits="1"/>
						<line number="45" hits="1" branch="true" condition-coverage="100% (2/2)"/>
						<line number="46" hits="1"/>
						<line number="48" hits="1"/>
						<line number="50" hits="1"/>
						<line number="52" hits="1"/>
						<line number="54" hits="1"/>
						<line number="55" hits="1"/>
						<line number="59" hits="1"/>
						<line number="61" hits="1"/>
						<line number="62" hits="1"/>
						<line number="64" hits="1" branch="true" condition-coverage="50% (1/2)" missing-branches="65"/>
						<line number="65" hits="0"/>
						<line number="68" hits="0"/>
						<line number="70" hits="1"/>
						<line number="72" hits="1"/>
						<line number="73" hits="1"/>
						<line number="76" hits="1"/>
						<line number="79" hits="1"/>
						<line number="82" hits="1"/>
						<line number="85" hits="1"/>
						<line number="86" hits="1"/>
						<line number="87" hits="1" branch="true" condition-coverage="50% (1/2)" missing-branches="88"/>
						<line number="88" hits="0"/>
						<line number="91" hits="1"/>
						<line number="92" hits="1"/>
						<line number="93" hits="1" branch="true" condition-coverage="100% (2/2)"/>
						<line number="95" hits="1" branch="true" condition-coverage="100% (2/2)"/>
						<line number="96" hits="1"/>
						<line number="97" hits="1"/>
						<line number="100" hits="1"/>
						<line number="101" hits="1"/>
						<line number="104" hits="1"/>
						<line number="108" hits="1"/>
						<line number="127" hits="1"/>
						<line number="147" hits="1"/>
						<line number="148" hits="1"/>
						<line number="165" hits="1" branch="true" condition-coverage="100% (2/2)"/>
						<line number="166" hits="1"/>
						<line number="169" hits="1" branch="true" condition-coverage="100% (2/2)"/>
						<line number="170" hits="1" branch="true" condition-coverage="100% (2/2)"/>
						<line number="171" hits="1"/>
						<line number="176" hits="1"/>
						<line number="177" hits="1"/>
						<line number="178" hits="0"/>
						<line number="179" hits="0"/>
						<line number="181" hits="1"/>
						<line number="184" hits="1" branch="true" condition-coverage="100% (2/2)"/>
						<line number="185" hits="1" branch="true" condition-coverage="100% (2/2)"/>
						<line number="186" hits="1"/>
						<line number="194" hits="1"/>
						<line number="197" hits="1"/>
						<line number="201" hits="1"/>
						<line number="218" hits="1"/>
						<line number="219" hits="1"/>
						<line number="221" hits="1"/>
						<line number="222" hits="1"/>
						<line number="235" hits="1" branch="true" condition-coverage="100% (2/2)"/>
						<line number="236" hits="1"/>
						<line number="239" hits="1" branch="true" condition-coverage="100% (2/2)"/>
						<line number="240" hits="1"/>
						<line number="246" hits="1"/>
						<line number="247" hits="1" branch="true" condition-coverage="100% (2/2)"/>
						<line number="248" hits="1" branch="true" condition-coverage="100% (2/2)"/>
						<line number="249" hits="1"/>
						<line number="255" hits="1" branch="true" condition-coverage="100% (2/2)"/>
						<line number="256" hits="1" branch="true" condition-coverage="100% (2/2)"/>
						<line number="257" hits="1"/>
						<line number="258" hits="1"/>
						<line number="264" hits="1"/>
						<line number="265" hits="1"/>
						<line number="273" hits="1" branch="true" condition-coverage="100% (2/2)"/>
						<line number="274" hits="1" branch="true" condition-coverage="50% (1/2)" missing-branches="273"/>
						<line number="275" hits="1"/>
						<line number="280" hits="1"/>
						<line number="283" hits="1"/>
						<line number="286" hits="1"/>
						<line number="287" hits="1"/>
						<line number="289" hits="1" branch="true" condition-coverage="100% (2/2)"/>
						<line number="290" hits="1"/>
						<line number="293" hits="1" branch="true" condition-coverage="100% (2/2)"/>
						<line number="297" hits="1"/>
						<line number="299" hits="1"/>
						<line number="301" hits="1"/>
						<line number="302" hits="1"/>
						<line number="304" hits="1" branch="true" condition-coverage="50% (1/2)" missing-branches="305"/>
						<line number="305" hits="0"/>
						<line number="312" hits="1" branch="true" condition-coverage="100% (2/2)"/>
						<line number="313" hits="1"/>
						<line number="315" hits="1"/>
						<line number="317" hits="1"/>
						<line number="318" hits="1"/>
						<line number="320" hits="1" branch="true" condition-coverage="100% (2/2)"/>
						<line number="321" hits="1"/>
						<line number="324" hits="1" branch="true" condition-coverage="100% (2/2)"/>
						<line number="325" hits="1"/>
						<line number="327" hits="1"/>
						<line number="329" hits="1"/>
						<line number="330" hits="1"/>
						<line number="332" hits="1" branch="true" condition-coverage="50% (1/2)" missing-branches="333"/>
						<line number="333" hits="0"/>
						<line number="336" hits="1"/>
						<line number="339" hits="1"/>
						<line number="342" hits="1" branch="true" condition-coverage="100% (2/2)"/>
						<line number="343" hits="1"/>
						<line number="344" hits="1"/>
						<line number="346" hits="1"/>
						<line number="348" hits="1"/>
						<line number="349" hits="1"/>
						<line number="351" hits="1" branch="true" condition-coverage="50% (1/2)" missing-branches="352"/>
						<line number="352" hits="0"/>
						<line number="355" hits="1"/>
						<line number="358" hits="1" branch="true" condition-coverage="100% (2/2)"/>
						<line number="359" hits="1"/>
						<line number="362" hits="1"/>
						<line number="372" hits="1" branch="true" condition-coverage="100% (2/2)"/>
						<line number="373" hits="1"/>
						<line number="375" hits="1"/>
						<line number="378" hits="1"/>
						<line number="381" hits="1"/>
						<line number="383" hits="0"/>
						<line number="384" hits="0"/>
						<line number="385" hits="0"/>
						<line number="386" hits="0"/>
						<line number="388" hits="1"/>
						<line number="390" hits="0" branch="true" condition-coverage="0% (0/2)" missing-branches="exit,392"/>
						<line number="392" hits="0"/>
						<line number="393" hits="0"/>
						<line number="394" hits="0"/>
						<line number="395" hits="0"/>
						<line number="397" hits="0"/>
						<line number="399" hits="0"/>
						<line number="400" hits="0"/>
						<line number="403" hits="0" branch="true" condition-coverage="0% (0/2)" missing-branches="404,409"/>
						<line number="404" hits="0"/>
						<line number="406" hits="0"/>
						<line number="409" hits="0"/>
						<line number="411" hits="0"/>
						<line number="420" hits="0"/>
						<line number="421" hits="0"/>
						<line number="422" hits="0"/>
						<line number="424" hits="1"/>
						<line number="426" hits="0"/>
						<line number="427" hits="0"/>
						<line number="429" hits="0"/>
						<line number="437" hits="0"/>
						<line number="438" hits="0"/>
						<line number="440" hits="1"/>
						<line number="442" hits="0" branch="true" condition-coverage="0% (0/2)" missing-branches="443,445"/>
						<line number="443" hits="0"/>
						<line number="445" hits="0"/>
						<line number="448" hits="0"/>
						<line number="449" hits="0" branch="true" condition-coverage="0% (0/2)" missing-branches="450,453"/>
						<line number="450" hits="0"/>
						<line number="453" hits="0"/>
						<line number="454" hits="0"/>
						<line number="455" hits="0"/>
						<line number="457" hits="0"/>
						<line number="459" hits="1"/>
						<line number="461" hits="0" branch="true" condition-coverage="0% (0/2)" missing-branches="exit,462"/>
						<line number="462" hits="0"/>
						<line number="463" hits="0"/>
						<line number="465" hits="1"/>
						<line number="467" hits="0"/>
						<line number="469" hits="0"/>
						<line number="471" hits="0"/>
						<line number="472" hits="0"/>
						<line number="475" hits="0"/>
						<line number="478" hits="1"/>
						<line number="480" hits="1"/>
						<line number="483" hits="1"/>
						<line number="484" hits="1"/>
						<line number="487" hits="1"/>
						<line number="490" hits="1"/>
						<line number="493" hits="1"/>
						<line number="495" hits="1"/>
					</lines>
				</class>
				<class name="ssl_utils.py" filename="web/ssl_utils.py" complexity="0" line-rate="0" branch-rate="0">
					<methods/>
					<lines>
						<line number="3" hits="0"/>
						<line number="4" hits="0"/>
						<line number="5" hits="0"/>
						<line number="6" hits="0"/>
						<line number="7" hits="0"/>
						<line number="9" hits="0"/>
						<line number="10" hits="0"/>
						<line number="11" hits="0"/>
						<line number="12" hits="0"/>
						<line number="13" hits="0"/>
						<line number="15" hits="0"/>
						<line number="17" hits="0"/>
						<line number="20" hits="0"/>
						<line number="22" hits="0"/>
						<line number="23" hits="0"/>
						<line number="24" hits="0"/>
						<line number="27" hits="0"/>
						<line number="34" hits="0"/>
						<line number="35" hits="0"/>
						<line number="36" hits="0"/>
						<line number="39" hits="0" branch="true" condition-coverage="0% (0/2)" missing-branches="41,49"/>
						<line number="41" hits="0"/>
						<line number="42" hits="0"/>
						<line number="43" hits="0"/>
						<line number="44" hits="0" branch="true" condition-coverage="0% (0/2)" missing-branches="45,49"/>
						<line number="45" hits="0"/>
						<line number="46" hits="0"/>
						<line number="47" hits="0"/>
						<line number="49" hits="0"/>
						<line number="52" hits="0"/>
						<line number="57" hits="0"/>
						<line number="67" hits="0"/>
						<line number="89" hits="0"/>
						<line number="90" hits="0"/>
						<line number="97" hits="0"/>
						<line number="100" hits="0"/>
						<line number="101" hits="0"/>
						<line number="103" hits="0"/>
						<line number="104" hits="0"/>
						<line number="107" hits="0"/>
						<line number="111" hits="0"/>
						<line number="114" hits="0"/>
						<line number="119" hits="0"/>
						<line number="121" hits="0"/>
						<line number="122" hits="0" branch="true" condition-coverage="0% (0/2)" missing-branches="123,139"/>
						<line number="123" hits="0"/>
						<line number="137" hits="0"/>
						<line number="138" hits="0"/>
						<line number="139" hits="0" branch="true" condition-coverage="0% (0/2)" missing-branches="142,154"/>
						<line number="142" hits="0"/>
						<line number="143" hits="0"/>
						<line number="144" hits="0"/>
						<line number="145" hits="0"/>
						<line number="146" hits="0"/>
						<line number="147" hits="0"/>
						<line number="148" hits="0"/>
						<line number="151" hits="0"/>
						<line number="152" hits="0"/>
						<line number="154" hits="0"/>
					</lines>
				</class>
			</classes>
		</package>
	</packages>
</coverage>
